<?xml version="1.0" encoding="UTF-8"?>
<testng-results ignored="0" total="1" passed="1" failed="0" skipped="0">
  <reporter-output>
  </reporter-output>
  <suite started-at="2024-08-04T18:35:26 IST" name="Default suite" finished-at="2024-08-04T18:35:28 IST" duration-ms="1663">
    <groups>
    </groups>
    <test started-at="2024-08-04T18:35:26 IST" name="Default test" finished-at="2024-08-04T18:35:28 IST" duration-ms="1663">
      <class name="day5.ParsingXMLRes">
        <test-method signature="testXMLRes()[pri:0, instance:day5.ParsingXMLRes@5ace1ed4]" started-at="2024-08-04T18:35:26 IST" name="testXMLRes" finished-at="2024-08-04T18:35:28 IST" duration-ms="1617" status="PASS">
          <reporter-output>
          </reporter-output>
        </test-method> <!-- testXMLRes -->
      </class> <!-- day5.ParsingXMLRes -->
    </test> <!-- Default test -->
  </suite> <!-- Default suite -->
</testng-results>
