<?xml version="1.0" encoding="UTF-8"?>
<testng-results ignored="1" total="2" passed="1" failed="0" skipped="0">
  <reporter-output>
  </reporter-output>
  <suite started-at="2024-08-04T20:39:11 IST" name="Default suite" finished-at="2024-08-04T20:39:12 IST" duration-ms="230">
    <groups>
    </groups>
    <test started-at="2024-08-04T20:39:11 IST" name="Default test" finished-at="2024-08-04T20:39:12 IST" duration-ms="230">
      <class name="day6.SerializationDeserialization">
        <test-method signature="convertJson2Pojo()[pri:0, instance:day6.SerializationDeserialization@22e357dc]" started-at="2024-08-04T20:39:12 IST" name="convertJson2Pojo" finished-at="2024-08-04T20:39:12 IST" duration-ms="199" status="PASS">
          <reporter-output>
          </reporter-output>
        </test-method> <!-- convertJson2Pojo -->
      </class> <!-- day6.SerializationDeserialization -->
    </test> <!-- Default test -->
  </suite> <!-- Default suite -->
</testng-results>
