<?xml version="1.0" encoding="UTF-8"?>
<testng-results ignored="0" total="4" passed="4" failed="0" skipped="0">
  <reporter-output>
  </reporter-output>
  <suite started-at="2024-08-10T17:59:57 IST" name="Default suite" finished-at="2024-08-10T18:00:06 IST" duration-ms="9286">
    <groups>
    </groups>
    <test started-at="2024-08-10T17:59:57 IST" name="Default test" finished-at="2024-08-10T18:00:06 IST" duration-ms="9286">
      <class name="api.tests.UserTestUsingProperies">
        <test-method is-config="true" signature="setUp()[pri:0, instance:api.tests.UserTestUsingProperies@47547132]" started-at="2024-08-10T17:59:57 IST" name="setUp" finished-at="2024-08-10T17:59:58 IST" duration-ms="1288" status="PASS">
          <reporter-output>
          </reporter-output>
        </test-method> <!-- setUp -->
        <test-method signature="testPostUser()[pri:1, instance:api.tests.UserTestUsingProperies@47547132]" started-at="2024-08-10T17:59:58 IST" name="testPostUser" finished-at="2024-08-10T18:00:01 IST" duration-ms="3527" status="PASS">
          <reporter-output>
          </reporter-output>
        </test-method> <!-- testPostUser -->
        <test-method signature="testGetUserByName()[pri:2, instance:api.tests.UserTestUsingProperies@47547132]" started-at="2024-08-10T18:00:02 IST" name="testGetUserByName" finished-at="2024-08-10T18:00:03 IST" duration-ms="1071" status="PASS">
          <reporter-output>
          </reporter-output>
        </test-method> <!-- testGetUserByName -->
        <test-method signature="testUpdateUser()[pri:3, instance:api.tests.UserTestUsingProperies@47547132]" started-at="2024-08-10T18:00:03 IST" name="testUpdateUser" finished-at="2024-08-10T18:00:05 IST" duration-ms="2228" status="PASS">
          <reporter-output>
          </reporter-output>
        </test-method> <!-- testUpdateUser -->
        <test-method signature="testDeleteUserByName()[pri:4, instance:api.tests.UserTestUsingProperies@47547132]" started-at="2024-08-10T18:00:05 IST" name="testDeleteUserByName" finished-at="2024-08-10T18:00:06 IST" duration-ms="1023" status="PASS">
          <reporter-output>
          </reporter-output>
        </test-method> <!-- testDeleteUserByName -->
      </class> <!-- api.tests.UserTestUsingProperies -->
    </test> <!-- Default test -->
  </suite> <!-- Default suite -->
</testng-results>
