<?xml version="1.0" encoding="UTF-8"?>
<!-- Generated by org.testng.reporters.JUnitXMLReporter -->
<testsuite hostname="Malltech313" name="Default test" tests="1" failures="1" timestamp="20 Jun 2023 14:40:10 GMT" time="1.352" errors="0">
  <testcase name="assignmentFourth" time="1.336" classname="test.AssignmentFourth">
    <failure type="java.lang.NoSuchMethodError" message="net.thucydides.core.steps.StepEventBus.getParallelEventBus()Lnet/thucydides/core/steps/StepEventBus;">
      <![CDATA[java.lang.NoSuchMethodError: net.thucydides.core.steps.StepEventBus.getParallelEventBus()Lnet/thucydides/core/steps/StepEventBus;
	at net.serenitybdd.rest.utils.RestReportingHelper.<init>(RestReportingHelper.java:40)
	at net.serenitybdd.rest.decorators.request.RequestSpecificationInitialisation.<init>(RequestSpecificationInitialisation.java:32)
	at net.serenitybdd.rest.decorators.request.RequestSpecificationConfigurable.<init>(RequestSpecificationConfigurable.java:21)
	at net.serenitybdd.rest.decorators.request.RequestSpecificationFiltersConfigurations.<init>(RequestSpecificationFiltersConfigurations.java:22)
	at net.serenitybdd.rest.decorators.request.RequestSpecificationProxyConfigurations.<init>(RequestSpecificationProxyConfigurations.java:22)
	at net.serenitybdd.rest.decorators.request.RequestSpecificationSecurityConfigurations.<init>(RequestSpecificationSecurityConfigurations.java:27)
	at net.serenitybdd.rest.decorators.request.RequestSpecificationCookieConfigurations.<init>(RequestSpecificationCookieConfigurations.java:29)
	at net.serenitybdd.rest.decorators.request.RequestSpecificationParametersConfigurations.<init>(RequestSpecificationParametersConfigurations.java:22)
	at net.serenitybdd.rest.decorators.request.RequestSpecificationMultiPartConfigurations.<init>(RequestSpecificationMultiPartConfigurations.java:27)
	at net.serenitybdd.rest.decorators.request.RequestSpecificationHeaderConfigurations.<init>(RequestSpecificationHeaderConfigurations.java:29)
	at net.serenitybdd.rest.decorators.request.RequestSpecificationBodyConfigurations.<init>(RequestSpecificationBodyConfigurations.java:24)
	at net.serenitybdd.rest.decorators.request.RequestSpecificationRedirectConfigurations.<init>(RequestSpecificationRedirectConfigurations.java:22)
	at net.serenitybdd.rest.decorators.request.RequestSpecificationLoggable.<init>(RequestSpecificationLoggable.java:24)
	at net.serenitybdd.rest.decorators.request.RequestSpecificationAdvancedConfiguration.<init>(RequestSpecificationAdvancedConfiguration.java:19)
	at net.serenitybdd.rest.decorators.request.RequestSpecificationDecorated.<init>(RequestSpecificationDecorated.java:47)
	at net.serenitybdd.rest.decorators.request.RequestSpecificationDecorated$ByteBuddy$xOWlqXNt.<init>(Unknown Source)
	at net.serenitybdd.rest.utils.RequestSpecificationDecoratedFactory$ByteBuddy$NA6ESQsk.create(Unknown Source)
	at net.serenitybdd.rest.utils.RestSpecificationFactory.getInstrumentedRequestSpecification(RestSpecificationFactory.java:101)
	at net.serenitybdd.rest.utils.RestDecorationHelper.decorate(RestDecorationHelper.java:20)
	at net.serenitybdd.rest.SerenityRest.fetchRequestSpecification(SerenityRest.java:233)
	at net.serenitybdd.rest.SerenityRest.given(SerenityRest.java:220)
	at test.AssignmentFourth.assignmentFourth(AssignmentFourth.java:22)
	at sun.reflect.NativeMethodAccessorImpl.invoke0(Native Method)
	at sun.reflect.NativeMethodAccessorImpl.invoke(Unknown Source)
	at sun.reflect.DelegatingMethodAccessorImpl.invoke(Unknown Source)
	at java.lang.reflect.Method.invoke(Unknown Source)
	at org.testng.internal.MethodInvocationHelper.invokeMethod(MethodInvocationHelper.java:86)
	at org.testng.internal.Invoker.invokeMethod(Invoker.java:645)
	at org.testng.internal.Invoker.invokeTestMethod(Invoker.java:822)
	at org.testng.internal.Invoker.invokeTestMethods(Invoker.java:1130)
	at org.testng.internal.TestMethodWorker.invokeTestMethods(TestMethodWorker.java:129)
	at org.testng.internal.TestMethodWorker.run(TestMethodWorker.java:112)
	at org.testng.TestRunner.privateRun(TestRunner.java:782)
	at org.testng.TestRunner.run(TestRunner.java:632)
	at org.testng.SuiteRunner.runTest(SuiteRunner.java:366)
	at org.testng.SuiteRunner.runSequentially(SuiteRunner.java:361)
	at org.testng.SuiteRunner.privateRun(SuiteRunner.java:319)
	at org.testng.SuiteRunner.run(SuiteRunner.java:268)
	at org.testng.SuiteRunnerWorker.runSuite(SuiteRunnerWorker.java:52)
	at org.testng.SuiteRunnerWorker.run(SuiteRunnerWorker.java:86)
	at org.testng.TestNG.runSuitesSequentially(TestNG.java:1244)
	at org.testng.TestNG.runSuitesLocally(TestNG.java:1169)
	at org.testng.TestNG.run(TestNG.java:1064)
	at org.testng.remote.RemoteTestNG.run(RemoteTestNG.java:113)
	at org.testng.remote.RemoteTestNG.initAndRun(RemoteTestNG.java:206)
	at org.testng.remote.RemoteTestNG.main(RemoteTestNG.java:177)
]]>
    </failure>
  </testcase> <!-- assignmentFourth -->
</testsuite> <!-- Default test -->
