<?xml version="1.0" encoding="UTF-8"?>
<!-- Generated by org.testng.reporters.JUnitXMLReporter -->
<testsuite ignored="0" hostname="LAPTOP-K8RE9END" failures="0" tests="4" name="Test" time="12.206" errors="0" timestamp="2024-08-10T17:41:39 IST">
  <testcase classname="api.tests.UserTest" name="testPostUser" time="4.583"/>
  <testcase classname="api.tests.UserTest" name="testGetUserByName" time="1.437"/>
  <testcase classname="api.tests.UserTest" name="testUpdateUser" time="2.856"/>
  <testcase classname="api.tests.UserTest" name="testDeleteUserByName" time="1.531"/>
</testsuite> <!-- Test -->
