<?xml version="1.0" encoding="UTF-8"?>
<!-- Generated by org.testng.reporters.JUnitXMLReporter -->
<testsuite ignored="0" hostname="LAPTOP-K8RE9END" failures="0" tests="4" name="Test" time="3.501" errors="0" timestamp="2024-08-07T20:11:30 IST">
  <testcase classname="day8.suite.CreateUser" name="testCreateUser" time="2.374"/>
  <testcase classname="day8.suite.GetUser" name="getUser" time="0.322"/>
  <testcase classname="day8.suite.UpdateUser" name="updateUser" time="0.457"/>
  <testcase classname="day8.suite.DeleteUser" name="deleteUser" time="0.306"/>
</testsuite> <!-- Test -->
