<?xml version="1.0" encoding="UTF-8"?>
<!-- Generated by org.testng.reporters.JUnitXMLReporter -->
<testsuite ignored="1" hostname="LAPTOP-K8RE9END" failures="0" tests="1" name="Default test" time="0.23" errors="0" timestamp="2024-08-04T20:39:12 IST">
  <testcase classname="day6.SerializationDeserialization" name="convertJson2Pojo" time="0.199"/>
  <testcase classname="day6.SerializationDeserialization" name="convertPojo2Json" time="0.0">
    <ignored/>
  </testcase> <!-- convertPojo2Json -->
</testsuite> <!-- Default test -->
