<?xml version="1.0" encoding="UTF-8"?>
<!-- Generated by org.testng.reporters.JUnitXMLReporter -->
<testsuite ignored="2" hostname="LAPTOP-K8RE9END" failures="0" tests="1" name="Default test" time="1.238" errors="0" timestamp="2024-08-04T02:52:39 IST">
  <testcase classname="day4.ParsingJSONResponseData" name="validateTotalPrice" time="1.206"/>
  <testcase classname="day4.ParsingJSONResponseData" name="testJsonResBodyData" time="0.0">
    <ignored/>
  </testcase> <!-- testJsonResBodyData -->
  <testcase classname="day4.ParsingJSONResponseData" name="testJsonRes" time="0.0">
    <ignored/>
  </testcase> <!-- testJsonRes -->
</testsuite> <!-- Default test -->
