<?xml version="1.0" encoding="UTF-8"?>
<!-- Generated by org.testng.reporters.JUnitXMLReporter -->
<testsuite ignored="0" hostname="LAPTOP-K8RE9END" failures="0" tests="4" name="Default test" time="9.286" errors="0" timestamp="2024-08-10T18:00:06 IST">
  <testcase classname="api.tests.UserTestUsingProperies" name="testPostUser" time="3.527"/>
  <testcase classname="api.tests.UserTestUsingProperies" name="testGetUserByName" time="1.071"/>
  <testcase classname="api.tests.UserTestUsingProperies" name="testUpdateUser" time="2.228"/>
  <testcase classname="api.tests.UserTestUsingProperies" name="testDeleteUserByName" time="1.023"/>
</testsuite> <!-- Default test -->
