<?xml version="1.0" encoding="UTF-8"?>
<testng-results skipped="0" failed="1" total="1" passed="0">
  <reporter-output>
  </reporter-output>
  <suite name="Default suite" duration-ms="1352" started-at="2023-06-20T14:40:08Z" finished-at="2023-06-20T14:40:09Z">
    <groups>
    </groups>
    <test name="Default test" duration-ms="1352" started-at="2023-06-20T14:40:08Z" finished-at="2023-06-20T14:40:09Z">
      <class name="test.AssignmentFourth">
        <test-method status="FAIL" signature="assignmentFourth()[pri:0, instance:test.AssignmentFourth@3a883ce7]" name="assignmentFourth" duration-ms="1336" started-at="2023-06-20T20:10:08Z" finished-at="2023-06-20T20:10:09Z">
          <exception class="java.lang.NoSuchMethodError">
            <message>
              <![CDATA[net.thucydides.core.steps.StepEventBus.getParallelEventBus()Lnet/thucydides/core/steps/StepEventBus;]]>
            </message>
            <full-stacktrace>
              <![CDATA[java.lang.NoSuchMethodError: net.thucydides.core.steps.StepEventBus.getParallelEventBus()Lnet/thucydides/core/steps/StepEventBus;
	at net.serenitybdd.rest.utils.RestReportingHelper.<init>(RestReportingHelper.java:40)
	at net.serenitybdd.rest.decorators.request.RequestSpecificationInitialisation.<init>(RequestSpecificationInitialisation.java:32)
	at net.serenitybdd.rest.decorators.request.RequestSpecificationConfigurable.<init>(RequestSpecificationConfigurable.java:21)
	at net.serenitybdd.rest.decorators.request.RequestSpecificationFiltersConfigurations.<init>(RequestSpecificationFiltersConfigurations.java:22)
	at net.serenitybdd.rest.decorators.request.RequestSpecificationProxyConfigurations.<init>(RequestSpecificationProxyConfigurations.java:22)
	at net.serenitybdd.rest.decorators.request.RequestSpecificationSecurityConfigurations.<init>(RequestSpecificationSecurityConfigurations.java:27)
	at net.serenitybdd.rest.decorators.request.RequestSpecificationCookieConfigurations.<init>(RequestSpecificationCookieConfigurations.java:29)
	at net.serenitybdd.rest.decorators.request.RequestSpecificationParametersConfigurations.<init>(RequestSpecificationParametersConfigurations.java:22)
	at net.serenitybdd.rest.decorators.request.RequestSpecificationMultiPartConfigurations.<init>(RequestSpecificationMultiPartConfigurations.java:27)
	at net.serenitybdd.rest.decorators.request.RequestSpecificationHeaderConfigurations.<init>(RequestSpecificationHeaderConfigurations.java:29)
	at net.serenitybdd.rest.decorators.request.RequestSpecificationBodyConfigurations.<init>(RequestSpecificationBodyConfigurations.java:24)
	at net.serenitybdd.rest.decorators.request.RequestSpecificationRedirectConfigurations.<init>(RequestSpecificationRedirectConfigurations.java:22)
	at net.serenitybdd.rest.decorators.request.RequestSpecificationLoggable.<init>(RequestSpecificationLoggable.java:24)
	at net.serenitybdd.rest.decorators.request.RequestSpecificationAdvancedConfiguration.<init>(RequestSpecificationAdvancedConfiguration.java:19)
	at net.serenitybdd.rest.decorators.request.RequestSpecificationDecorated.<init>(RequestSpecificationDecorated.java:47)
	at net.serenitybdd.rest.decorators.request.RequestSpecificationDecorated$ByteBuddy$xOWlqXNt.<init>(Unknown Source)
	at net.serenitybdd.rest.utils.RequestSpecificationDecoratedFactory$ByteBuddy$NA6ESQsk.create(Unknown Source)
	at net.serenitybdd.rest.utils.RestSpecificationFactory.getInstrumentedRequestSpecification(RestSpecificationFactory.java:101)
	at net.serenitybdd.rest.utils.RestDecorationHelper.decorate(RestDecorationHelper.java:20)
	at net.serenitybdd.rest.SerenityRest.fetchRequestSpecification(SerenityRest.java:233)
	at net.serenitybdd.rest.SerenityRest.given(SerenityRest.java:220)
	at test.AssignmentFourth.assignmentFourth(AssignmentFourth.java:22)
	at sun.reflect.NativeMethodAccessorImpl.invoke0(Native Method)
	at sun.reflect.NativeMethodAccessorImpl.invoke(Unknown Source)
	at sun.reflect.DelegatingMethodAccessorImpl.invoke(Unknown Source)
	at java.lang.reflect.Method.invoke(Unknown Source)
	at org.testng.internal.MethodInvocationHelper.invokeMethod(MethodInvocationHelper.java:86)
	at org.testng.internal.Invoker.invokeMethod(Invoker.java:645)
	at org.testng.internal.Invoker.invokeTestMethod(Invoker.java:822)
	at org.testng.internal.Invoker.invokeTestMethods(Invoker.java:1130)
	at org.testng.internal.TestMethodWorker.invokeTestMethods(TestMethodWorker.java:129)
	at org.testng.internal.TestMethodWorker.run(TestMethodWorker.java:112)
	at org.testng.TestRunner.privateRun(TestRunner.java:782)
	at org.testng.TestRunner.run(TestRunner.java:632)
	at org.testng.SuiteRunner.runTest(SuiteRunner.java:366)
	at org.testng.SuiteRunner.runSequentially(SuiteRunner.java:361)
	at org.testng.SuiteRunner.privateRun(SuiteRunner.java:319)
	at org.testng.SuiteRunner.run(SuiteRunner.java:268)
	at org.testng.SuiteRunnerWorker.runSuite(SuiteRunnerWorker.java:52)
	at org.testng.SuiteRunnerWorker.run(SuiteRunnerWorker.java:86)
	at org.testng.TestNG.runSuitesSequentially(TestNG.java:1244)
	at org.testng.TestNG.runSuitesLocally(TestNG.java:1169)
	at org.testng.TestNG.run(TestNG.java:1064)
	at org.testng.remote.RemoteTestNG.run(RemoteTestNG.java:113)
	at org.testng.remote.RemoteTestNG.initAndRun(RemoteTestNG.java:206)
	at org.testng.remote.RemoteTestNG.main(RemoteTestNG.java:177)
]]>
            </full-stacktrace>
          </exception> <!-- java.lang.NoSuchMethodError -->
          <reporter-output>
          </reporter-output>
        </test-method> <!-- assignmentFourth -->
      </class> <!-- test.AssignmentFourth -->
    </test> <!-- Default test -->
  </suite> <!-- Default suite -->
</testng-results>
